[2025-11-16T01:44:51.967Z]
Ім’я: xxxx
Телефон: +38 (099) 999-99-99
Email: ghfgh@gmail.com
Повідомлення: 😉
-------------------------------
[2025-11-16T12:54:27.301Z]
Ім’я: xxxx
Телефон: +38 (099) 999-99-99
Email: ghfgh@gmail.com
Повідомлення: dddddddddd
-------------------------------
[2025-11-16T12:57:37.813Z]
Ім’я: xxxx
Телефон: +38 (099) 999-99-99
Email: ghfgh@gmail.com
Повідомлення: ffffffffffff
-------------------------------
[2025-11-16T13:11:42.720Z]
Ім’я: xxxx
Телефон: +38 (099) 999-99-99
Email: ghfgh@gmail.com
Повідомлення: eeeeeeeeeee
-------------------------------
[2025-11-16T13:32:10.835Z]
Ім’я: xxxx
Телефон: +38 (099) 999-99-99
Email: ghfgh@gmail.com
Повідомлення: ddddddddd
-------------------------------
